Build started 9/15/2015 5:41:18 PM.
     1>Project "F:\Function Calculator\Homework 6.vcxproj" on node 2 (Build target(s)).
     1>ClCompile:
         C:\Program Files (x86)\Microsoft Visual Studio 12.0\VC\bin\CL.exe /c /ZI /nologo /W3 /WX- /sdl /Od /Oy- /D WIN32 /D _DEBUG /D _CONSOLE /D _LIB /D _UNICODE /D UNICODE /Gm /EHsc /RTC1 /MDd /GS /fp:precise /Zc:wchar_t /Zc:forScope /Fo"Debug\\" /Fd"Debug\vc120.pdb" /Gd /TP /analyze- /errorReport:prompt driver.cpp evaluate.cpp exprtree.cpp token.cpp tokenlist.cpp vartree.cpp
         vartree.cpp
         tokenlist.cpp
         token.cpp
         exprtree.cpp
         evaluate.cpp
         driver.cpp
         Generating Code...
       Link:
         C:\Program Files (x86)\Microsoft Visual Studio 12.0\VC\bin\link.exe /ERRORREPORT:PROMPT /OUT:"F:\Function Calculator\Debug\Homework 6.exe" /INCREMENTAL /NOLOGO kernel32.lib user32.lib gdi32.lib winspool.lib comdlg32.lib advapi32.lib shell32.lib ole32.lib oleaut32.lib uuid.lib odbc32.lib odbccp32.lib /MANIFEST /MANIFESTUAC:"level='asInvoker' uiAccess='false'" /manifest:embed /DEBUG /PDB:"F:\Function Calculator\Debug\Homework 6.pdb" /SUBSYSTEM:CONSOLE /TLBID:1 /DYNAMICBASE /NXCOMPAT /IMPLIB:"F:\Function Calculator\Debug\Homework 6.lib" /MACHINE:X86 Debug\driver.obj
         Debug\evaluate.obj
         Debug\exprtree.obj
         Debug\token.obj
         Debug\tokenlist.obj
         Debug\vartree.obj
         LINK : F:\Function Calculator\Debug\Homework 6.exe not found or not built by the last incremental link; performing full link
         Homework 6.vcxproj -> F:\Function Calculator\Debug\Homework 6.exe
     1>Done Building Project "F:\Function Calculator\Homework 6.vcxproj" (Build target(s)).

Build succeeded.

Time Elapsed 00:00:08.37
